<?xml version="1.0" encoding="UTF-8"?>
<!-- Generated by org.testng.reporters.JUnitReportReporter -->
<testsuite hostname="DESKTOP-IITKUKB" failures="0" tests="3" name="sepchild.ThirdTestNgScript" time="7.892" errors="0" timestamp="2023-09-14T15:44:13 IST" skipped="0">
  <testcase classname="sepchild.ThirdTestNgScript" name="multiplication" time="2.904">
    <system-out>
      <![CDATA[null  Executing Addition Test]]>
    </system-out>
  </testcase> <!-- multiplication -->
  <testcase classname="sepchild.ThirdTestNgScript" name="division" time="2.371">
    <system-out>
      <![CDATA[71.05415580654504  Executing Addition Test]]>
    </system-out>
  </testcase> <!-- division -->
  <testcase classname="sepchild.ThirdTestNgScript" name="addition" time="2.617">
    <system-out>
      <![CDATA[null  Executing Addition Test]]>
    </system-out>
  </testcase> <!-- addition -->
  <system-out>
    <![CDATA[Running precondition
Running precondition
null  Executing Addition Test
Running Postcondition
Running precondition
71.05415580654504  Executing Addition Test
Running Postcondition
Running precondition
null  Executing Addition Test
Running Postcondition
Running postcondition]]>
  </system-out>
</testsuite> <!-- sepchild.ThirdTestNgScript -->
