<?xml version="1.0" encoding="UTF-8"?>
<!-- Generated by org.testng.reporters.JUnitReportReporter -->
<testsuite hostname="DESKTOP-IITKUKB" failures="0" tests="4" name="sep14.NewTest_Provider" time="3.163" errors="0" timestamp="2023-09-14T16:58:44 IST" skipped="0">
  <testcase classname="sep14.NewTest_Provider" name="validate_login" time="0.769">
    <system-out>
      <![CDATA[Login faildashboard  http://orangehrm.qedgetech.com/symfony/web/index.php/auth/validateCredentials]]>
    </system-out>
  </testcase> <!-- validate_login -->
  <testcase classname="sep14.NewTest_Provider" name="validate_login" time="0.655">
    <system-out>
      <![CDATA[Login faildashboard  http://orangehrm.qedgetech.com/symfony/web/index.php/auth/validateCredentials]]>
    </system-out>
  </testcase> <!-- validate_login -->
  <testcase classname="sep14.NewTest_Provider" name="validate_login" time="0.748">
    <system-out>
      <![CDATA[Login faildashboard  http://orangehrm.qedgetech.com/symfony/web/index.php/auth/validateCredentials]]>
    </system-out>
  </testcase> <!-- validate_login -->
  <testcase classname="sep14.NewTest_Provider" name="validate_login" time="0.991">
    <system-out>
      <![CDATA[Login faildashboard  http://orangehrm.qedgetech.com/symfony/web/index.php/auth/validateCredentials]]>
    </system-out>
  </testcase> <!-- validate_login -->
  <system-out>
    <![CDATA[Login faildashboard  http://orangehrm.qedgetech.com/symfony/web/index.php/auth/validateCredentials
Login faildashboard  http://orangehrm.qedgetech.com/symfony/web/index.php/auth/validateCredentials
Login faildashboard  http://orangehrm.qedgetech.com/symfony/web/index.php/auth/validateCredentials
Login faildashboard  http://orangehrm.qedgetech.com/symfony/web/index.php/auth/validateCredentials]]>
  </system-out>
</testsuite> <!-- sep14.NewTest_Provider -->
