<?xml version="1.0" encoding="UTF-8"?>
<!-- Generated by org.testng.reporters.JUnitReportReporter -->
<testsuite hostname="DESKTOP-IITKUKB" failures="0" tests="3" name="sepchild.FirstTestNGScript$ThirdtestNGClass" time="1.802" errors="0" timestamp="2023-09-14T15:44:13 IST" skipped="0">
  <testcase classname="sepchild.FirstTestNGScript$ThirdtestNGClass" name="cbanking" time="0.511"/>
  <testcase classname="sepchild.FirstTestNGScript$ThirdtestNGClass" name="ibanking" time="0.440"/>
  <testcase classname="sepchild.FirstTestNGScript$ThirdtestNGClass" name="pbanking" time="0.851"/>
  <system-out>
    <![CDATA[Running precondition
Running precondition
null  Executing Addition Test
Running Postcondition
Running precondition
71.05415580654504  Executing Addition Test
Running Postcondition
Running precondition
null  Executing Addition Test
Running Postcondition
Running postcondition]]>
  </system-out>
</testsuite> <!-- sepchild.FirstTestNGScript$ThirdtestNGClass -->
